Flutter crash report.
Please report a bug at https://github.com/flutter/flutter/issues.

## command

flutter create airlink_controller

## exception

_TypeError: type 'Null' is not a subtype of type 'YamlMap' in type cast

```
#0      gatherSdkPackageDependencies (package:flutter_tools/src/commands/create.dart:1389:88)
#1      _generatePubspecLock (package:flutter_tools/src/commands/create.dart:1374:27)
#2      CreateCommand.runCommand (package:flutter_tools/src/commands/create.dart:550:5)
<asynchronous suspension>
#3      FlutterCommand.run.<anonymous closure> (package:flutter_tools/src/runner/flutter_command.dart:1630:27)
<asynchronous suspension>
#4      AppContext.run.<anonymous closure> (package:flutter_tools/src/base/context.dart:154:19)
<asynchronous suspension>
#5      CommandRunner.runCommand (package:args/command_runner.dart:212:13)
<asynchronous suspension>
#6      FlutterCommandRunner.runCommand.<anonymous closure> (package:flutter_tools/src/runner/flutter_command_runner.dart:496:9)
<asynchronous suspension>
#7      AppContext.run.<anonymous closure> (package:flutter_tools/src/base/context.dart:154:19)
<asynchronous suspension>
#8      FlutterCommandRunner.runCommand (package:flutter_tools/src/runner/flutter_command_runner.dart:431:5)
<asynchronous suspension>
#9      FlutterCommandRunner.run.<anonymous closure> (package:flutter_tools/src/runner/flutter_command_runner.dart:307:33)
<asynchronous suspension>
#10     run.<anonymous closure>.<anonymous closure> (package:flutter_tools/runner.dart:104:11)
<asynchronous suspension>
#11     AppContext.run.<anonymous closure> (package:flutter_tools/src/base/context.dart:154:19)
<asynchronous suspension>
#12     main (package:flutter_tools/executable.dart:103:3)
<asynchronous suspension>
```

## flutter doctor

```
[32m[✓][39m Flutter (Channel stable, 3.44.6, on
    Microsoft Windows [Version
    10.0.26200.8737], locale en-IN)
    [411ms]
    [32m•[39m Flutter version 3.44.6 on channel
      stable at C:\Development\flutter
    [32m•[39m Upstream repository
      https://github.com/flutter/flutter.g
      it
    [32m•[39m Framework revision ee80f08bbf (3
      days ago), 2026-07-08 15:02:06 -0700
    [32m•[39m Engine revision 83675ed276
    [32m•[39m Dart version 3.12.2
    [32m•[39m DevTools version 2.57.0
    [32m•[39m Feature flags: enable-web,
      enable-linux-desktop,
      enable-macos-desktop,
      enable-windows-desktop,
      enable-android, enable-ios,
      cli-animations,
      enable-native-assets,
      enable-swift-package-manager,
      omit-legacy-version-file,
      enable-lldb-debugging,
      enable-uiscene-migration

[32m[✓][39m Windows Version (Windows 11 or higher,
    25H2, 2009) [1,033ms]

[33m[!][39m Android toolchain - develop for
    Android devices (Android SDK version
    36.1.0) [411ms]
    [32m•[39m Android SDK at C:\Users\MANIK
      MEHRA\AppData\Local\Android\sdk
    [32m•[39m Emulator version 36.6.11.0 (build_id
      15507667) (CL:N/A)
    [32m•[39m Platform android-36.1, build-tools
      36.1.0
    [31m✗[39m Android SDK location currently
      contains spaces, which is not
      supported by the Android SDK as it
      causes problems with NDK tools. Try
      moving it from C:\Users\MANIK
      MEHRA\AppData\Local\Android\sdk to a
      path without spaces.
    [32m•[39m Try re-installing or updating your
      Android SDK,
      visit
      https://flutter.dev/to/windows-andro
      id-setup for detailed instructions.

[32m[✓][39m Chrome - develop for the web [208ms]
    [32m•[39m Chrome at C:\Program
      Files\Google\Chrome\Application\chro
      me.exe

[32m[✓][39m Visual Studio - develop Windows apps
    (Visual Studio Community 2026 Insiders
    [11201.2]) [205ms]
    [32m•[39m Visual Studio at C:\Program
      Files\Microsoft Visual
      Studio\18\Insiders
    [32m•[39m Visual Studio Community 2026 version
      18.0.11201.2
    [32m•[39m The current Visual Studio
      installation is a pre-release
      version. It may not be supported by
      Flutter yet.
    [32m•[39m Windows 10 SDK version 10.0.26100.0

[32m[✓][39m Connected device (3 available) [227ms]
    [32m•[39m Windows (desktop) • windows •
      windows-x64    • Microsoft Windows
      [Version 10.0.26200.8737]
    [32m•[39m Chrome (web)      • chrome  •
      web-javascript • Google Chrome
      150.0.7871.101
    [32m•[39m Edge (web)        • edge    •
      web-javascript • Microsoft Edge
      150.0.4078.65

[32m[✓][39m Network resources [467ms]
    [32m•[39m All expected network resources are
      available.

[33m![39m Doctor found issues in 1 category.
```
